<?xml version="1.0" encoding="UTF-8"?>
<!-- Generated by org.testng.reporters.JUnitXMLReporter -->
<testsuite hostname="ET-C02T91MYG8WN.local" ignored="0" name="Product-test-iOS" tests="4" failures="4" timestamp="2021-03-22T17:13:26 IST" time="61.446" errors="0">
  <testcase name="successful_login" time="16.028" classname="com.qa.tests.LoginTest">
    <failure type="java.lang.AssertionError" message="The following asserts failed:
	expected [PRODUCTS] but found [PRODUCTSzzz]">
      <![CDATA[java.lang.AssertionError: The following asserts failed:
expected [PRODUCTS] but found [PRODUCTSzzz]
at com.qa.tests.LoginTest.successful_login(LoginTest.java:63)
at java.util.ArrayList.forEach(ArrayList.java:1257)
at java.util.concurrent.FutureTask.run(FutureTask.java:266)
at java.util.concurrent.ThreadPoolExecutor.runWorker(ThreadPoolExecutor.java:1149)
at java.util.concurrent.ThreadPoolExecutor$Worker.run(ThreadPoolExecutor.java:624)
at java.lang.Thread.run(Thread.java:748)
... Removed 20 stack frames]]>
    </failure>
  </testcase> <!-- successful_login -->
  <testcase name="unsuccessful_login_wrong_password" time="7.499" classname="com.qa.tests.LoginTest">
    <failure type="java.lang.AssertionError" message="The following asserts failed:
	expected [Username and password do not match any user in this service.] but found [Username and password do not match any user in this service.zzz]">
      <![CDATA[java.lang.AssertionError: The following asserts failed:
expected [Username and password do not match any user in this service.] but found [Username and password do not match any user in this service.zzz]
at com.qa.tests.LoginTest.unsuccessful_login_wrong_password(LoginTest.java:87)
at java.util.ArrayList.forEach(ArrayList.java:1257)
at java.util.concurrent.FutureTask.run(FutureTask.java:266)
at java.util.concurrent.ThreadPoolExecutor.runWorker(ThreadPoolExecutor.java:1149)
at java.util.concurrent.ThreadPoolExecutor$Worker.run(ThreadPoolExecutor.java:624)
at java.lang.Thread.run(Thread.java:748)
... Removed 20 stack frames]]>
    </failure>
  </testcase> <!-- unsuccessful_login_wrong_password -->
  <testcase name="unsuccessful_login_wrong_password_username" time="9.318" classname="com.qa.tests.LoginTest">
    <failure type="java.lang.AssertionError" message="The following asserts failed:
	expected [Username and password do not match any user in this service.] but found [Username and password do not match any user in this service.zzz]">
      <![CDATA[java.lang.AssertionError: The following asserts failed:
expected [Username and password do not match any user in this service.] but found [Username and password do not match any user in this service.zzz]
at com.qa.tests.LoginTest.unsuccessful_login_wrong_password_username(LoginTest.java:99)
at java.util.ArrayList.forEach(ArrayList.java:1257)
at java.util.concurrent.FutureTask.run(FutureTask.java:266)
at java.util.concurrent.ThreadPoolExecutor.runWorker(ThreadPoolExecutor.java:1149)
at java.util.concurrent.ThreadPoolExecutor$Worker.run(ThreadPoolExecutor.java:624)
at java.lang.Thread.run(Thread.java:748)
... Removed 20 stack frames]]>
    </failure>
  </testcase> <!-- unsuccessful_login_wrong_password_username -->
  <testcase name="unsuccessful_login_wrong_username" time="8.832" classname="com.qa.tests.LoginTest">
    <failure type="java.lang.AssertionError" message="The following asserts failed:
	expected [Username and password do not match any user in this service.] but found [Username and password do not match any user in this service.zzz]">
      <![CDATA[java.lang.AssertionError: The following asserts failed:
expected [Username and password do not match any user in this service.] but found [Username and password do not match any user in this service.zzz]
at com.qa.tests.LoginTest.unsuccessful_login_wrong_username(LoginTest.java:75)
at java.util.ArrayList.forEach(ArrayList.java:1257)
at java.util.concurrent.FutureTask.run(FutureTask.java:266)
at java.util.concurrent.ThreadPoolExecutor.runWorker(ThreadPoolExecutor.java:1149)
at java.util.concurrent.ThreadPoolExecutor$Worker.run(ThreadPoolExecutor.java:624)
at java.lang.Thread.run(Thread.java:748)
... Removed 20 stack frames]]>
    </failure>
  </testcase> <!-- unsuccessful_login_wrong_username -->
</testsuite> <!-- Product-test-iOS -->
