<!DOCTYPE html PUBLIC "-//W3C//DTD XHTML 1.1//EN" "https://www.w3.org/TR/xhtml11/DTD/xhtml11.dtd">
<html xmlns="https://www.w3.org/1999/xhtml">
<head>
<meta http-equiv="content-type" content="text/html; charset=UTF-8"/>
<title>TestNG Report</title>
<style type="text/css">table {margin-bottom:10px;border-collapse:collapse;empty-cells:show}th,td {border:1px solid #009;padding:.25em .5em}th {vertical-align:bottom}td {vertical-align:top}table a {font-weight:bold}.stripe td {background-color: #E6EBF9}.num {text-align:right}.passedodd td {background-color: #3F3}.passedeven td {background-color: #0A0}.skippedodd td {background-color: #DDD}.skippedeven td {background-color: #CCC}.failedodd td,.attn {background-color: #F33}.failedeven td,.stripe .attn {background-color: #D00}.stacktrace {white-space:pre;font-family:monospace}.totop {font-size:85%;text-align:center;border-bottom:2px solid #000}.invisible {display:none}</style>
</head>
<body>
<table>
<tr><th>Test</th><th># Passed</th><th># Skipped</th><th># Retried</th><th># Failed</th><th>Time (ms)</th><th>Included Groups</th><th>Excluded Groups</th></tr>
<tr><th colspan="8">Sauce Labs App Automation</th></tr>
<tr><td><a href="#t0">Login-test-Android</a></td><td class="num">3</td><td class="num">0</td><td class="num">0</td><td class="num attn">1</td><td class="num">39,371</td><td></td><td></td></tr>
<tr class="stripe"><td><a href="#t1">Login-test-iOS</a></td><td class="num">3</td><td class="num">0</td><td class="num">0</td><td class="num attn">1</td><td class="num">66,052</td><td></td><td></td></tr>
<tr><th>Total</th><th class="num">6</th><th class="num">0</th><th class="num">0</th><th class="num attn">2</th><th class="num">105,423</th><th colspan="2"></th></tr>
</table>
<table id='summary'><thead><tr><th>Class</th><th>Method</th><th>Start</th><th>Time (ms)</th></tr></thead><tbody><tr><th colspan="4">Sauce Labs App Automation</th></tr></tbody><tbody id="t0"><tr><th colspan="4">Login-test-Android &#8212; failed</th></tr><tr class="failedeven"><td rowspan="1">com.qa.tests.LoginTest</td><td><a href="#m0">unsuccessful_login_wrong_password</a></td><td rowspan="1">1616413987736</td><td rowspan="1">3329</td></tr><tr><th colspan="4">Login-test-Android &#8212; passed</th></tr><tr class="passedeven"><td rowspan="3">com.qa.tests.LoginTest</td><td><a href="#m1">successful_login</a></td><td rowspan="1">1616413975385</td><td rowspan="1">10267</td></tr><tr class="passedeven"><td><a href="#m2">unsuccessful_login_wrong_password_username</a></td><td rowspan="1">1616413993590</td><td rowspan="1">3715</td></tr><tr class="passedeven"><td><a href="#m3">unsuccessful_login_wrong_username</a></td><td rowspan="1">1616413998493</td><td rowspan="1">3705</td></tr></tbody>
<tbody id="t1"><tr><th colspan="4">Login-test-iOS &#8212; failed</th></tr><tr class="failedeven"><td rowspan="1">com.qa.tests.LoginTest</td><td><a href="#m4">unsuccessful_login_wrong_password</a></td><td rowspan="1">1616413997822</td><td rowspan="1">9529</td></tr><tr><th colspan="4">Login-test-iOS &#8212; passed</th></tr><tr class="passedeven"><td rowspan="3">com.qa.tests.LoginTest</td><td><a href="#m5">successful_login</a></td><td rowspan="1">1616413976059</td><td rowspan="1">19201</td></tr><tr class="passedeven"><td><a href="#m6">unsuccessful_login_wrong_password_username</a></td><td rowspan="1">1616414009320</td><td rowspan="1">8915</td></tr><tr class="passedeven"><td><a href="#m7">unsuccessful_login_wrong_username</a></td><td rowspan="1">1616414019907</td><td rowspan="1">8773</td></tr></tbody>
</table>
<h2>Login-test-Android</h2><h3 id="m0">com.qa.tests.LoginTest#unsuccessful_login_wrong_password</h3><table class="result"><tr><th>Messages</th></tr><tr><td><div class="messages">This is the sample screenshot<br/><a href='/Users/vishnu.vardhan/Desktop/Appium-SauceLabs-Automation/Screenshots/Android_pixel2/2021/03/22 17:22:44/LoginTest/unsuccessful_login_wrong_password.png'> <img src='/Users/vishnu.vardhan/Desktop/Appium-SauceLabs-Automation/Screenshots/Android_pixel2/2021/03/22 17:22:44/LoginTest/unsuccessful_login_wrong_password.png' height='400' width='400'/> </a></div></td></tr><tr><th>Exception</th></tr><tr><td><div class="stacktrace">java.lang.AssertionError: The following asserts failed:
	expected [Username and password do not match any user in this service.] but found [Username and password do not match any user in this service.zzz]
	at com.qa.tests.LoginTest.unsuccessful_login_wrong_password(LoginTest.java:87)
	at java.util.ArrayList.forEach(ArrayList.java:1257)
	at java.util.concurrent.FutureTask.run(FutureTask.java:266)
	at java.util.concurrent.ThreadPoolExecutor.runWorker(ThreadPoolExecutor.java:1149)
	at java.util.concurrent.ThreadPoolExecutor$Worker.run(ThreadPoolExecutor.java:624)
	at java.lang.Thread.run(Thread.java:748)
... Removed 20 stack frames</div></td></tr></table><p class="totop"><a href="#summary">back to summary</a></p>
<h3 id="m1">com.qa.tests.LoginTest#successful_login</h3><table class="result"><tr><th class="invisible"/></tr></table><p class="totop"><a href="#summary">back to summary</a></p>
<h3 id="m2">com.qa.tests.LoginTest#unsuccessful_login_wrong_password_username</h3><table class="result"><tr><th class="invisible"/></tr></table><p class="totop"><a href="#summary">back to summary</a></p>
<h3 id="m3">com.qa.tests.LoginTest#unsuccessful_login_wrong_username</h3><table class="result"><tr><th class="invisible"/></tr></table><p class="totop"><a href="#summary">back to summary</a></p>
<h2>Login-test-iOS</h2><h3 id="m4">com.qa.tests.LoginTest#unsuccessful_login_wrong_password</h3><table class="result"><tr><th>Messages</th></tr><tr><td><div class="messages">This is the sample screenshot<br/><a href='/Users/vishnu.vardhan/Desktop/Appium-SauceLabs-Automation/Screenshots/iOS_iPhone/2021/03/22 17:22:44/LoginTest/unsuccessful_login_wrong_password.png'> <img src='/Users/vishnu.vardhan/Desktop/Appium-SauceLabs-Automation/Screenshots/iOS_iPhone/2021/03/22 17:22:44/LoginTest/unsuccessful_login_wrong_password.png' height='400' width='400'/> </a></div></td></tr><tr><th>Exception</th></tr><tr><td><div class="stacktrace">java.lang.AssertionError: The following asserts failed:
	expected [Username and password do not match any user in this service.] but found [Username and password do not match any user in this service.zzz]
	at com.qa.tests.LoginTest.unsuccessful_login_wrong_password(LoginTest.java:87)
	at java.util.ArrayList.forEach(ArrayList.java:1257)
	at java.util.concurrent.FutureTask.run(FutureTask.java:266)
	at java.util.concurrent.ThreadPoolExecutor.runWorker(ThreadPoolExecutor.java:1149)
	at java.util.concurrent.ThreadPoolExecutor$Worker.run(ThreadPoolExecutor.java:624)
	at java.lang.Thread.run(Thread.java:748)
... Removed 20 stack frames</div></td></tr></table><p class="totop"><a href="#summary">back to summary</a></p>
<h3 id="m5">com.qa.tests.LoginTest#successful_login</h3><table class="result"><tr><th class="invisible"/></tr></table><p class="totop"><a href="#summary">back to summary</a></p>
<h3 id="m6">com.qa.tests.LoginTest#unsuccessful_login_wrong_password_username</h3><table class="result"><tr><th class="invisible"/></tr></table><p class="totop"><a href="#summary">back to summary</a></p>
<h3 id="m7">com.qa.tests.LoginTest#unsuccessful_login_wrong_username</h3><table class="result"><tr><th class="invisible"/></tr></table><p class="totop"><a href="#summary">back to summary</a></p>
</body>
</html>
